//==========================================================================//
//=====  LanguagePatches - Translate the game into multiple languages  =====//
//==========================================================================//
[LOG 15:06:06]: Logger "FLIGHT" was created
[LOG 15:06:07]: none
[LOG 15:06:08]: 0000000000
[LOG 15:06:10]: Time Warp: 1x
[LOG 15:06:10]: Crew Hatch
[LOG 15:06:10]: MET
[LOG 15:06:10]: Year 99, Day 499 - 05:59:59
[LOG 15:06:10]: T to Node: 1h, 95m, 20s
[LOG 15:06:10]: Est. Burn: 1m, 20s
[LOG 15:06:10]: 100.0 m/s
[LOG 15:06:10]: 000°
[LOG 15:06:10]: 000000.0m/s
[LOG 15:06:10]: Surface
[LOG 15:06:10]: >
[LOG 15:06:10]: Remove Slot
[LOG 15:06:10]: >|
[LOG 15:06:10]: Add Slot
[LOG 15:06:10]: |<
[LOG 15:06:10]: Interior Overlay
[LOG 15:06:10]: <
[LOG 15:06:10]: 7
[LOG 15:06:10]: 0
[LOG 15:06:10]: 1
[LOG 15:06:11]: KNOWLEDGE BASE
[LOG 15:06:11]: Info
[LOG 15:06:11]: Unowned Info
[LOG 15:06:11]: Crew
[LOG 15:06:11]: Vessel Crew
[LOG 15:06:11]: Vessel Info
[LOG 15:06:11]: Resources
[LOG 15:06:11]: Planet Resources
[LOG 15:06:11]: Parameters
[LOG 15:06:11]: Planet Parameters
[LOG 15:06:11]: Planet Info
[LOG 15:06:11]: Jebediah Kerman
[LOG 15:06:11]: Pilot
[LOG 15:06:11]: EVA
[LOG 15:06:11]: View
[LOG 15:06:11]: 
[LOG 15:06:11]: T+ 0y, 0d, 00:00:00
[LOG 15:06:11]: pilotSeat
[LOG 15:06:11]: <color=#e6752a>Mk1 Command Pod</color>
[LOG 15:06:11]: Longitude
[LOG 15:06:11]: Latitude
[LOG 15:06:11]: <color=#e6752a>Surface Location</color>
[LOG 15:06:11]: Flight time
[LOG 15:06:11]: Situation
[LOG 15:06:11]: Sphere of influence\n\n
[LOG 15:06:11]: Total mass:
[LOG 15:06:11]: Partcount:\n
[LOG 15:06:11]: Type:\n
[LOG 15:06:11]: <color=#e6752a>Vessel classification</color>
[LOG 15:06:11]: Focus: Untitled Space Craft
[LOG 15:06:11]: Untitled Space Craft
[LOG 15:06:11]: Stage View
[LOG 15:06:11]: /
[LOG 15:06:11]: MonoPropellant
[LOG 15:06:11]: ElectricCharge
[LOG 15:06:32]: Docking Mode
[LOG 15:06:32]: Toggle Map
[LOG 15:06:35]: Abort Action Group
[LOG 15:06:37]: Toggle Gear Action Group
[LOG 15:06:37]: Toggle Light Action Group
[LOG 15:06:38]: Toggle Brakes Action Group
[LOG 15:06:39]:  <color=#000000>(0)</color>
[LOG 15:06:42]: Go EVA
[LOG 15:06:42]: Internal View
[LOG 15:06:50]: 10.00
[LOG 15:06:50]: 50.00
[LOG 15:06:50]: Transfer Crew
[LOG 15:06:50]: Crew Report
[LOG 15:06:50]: Toggle Torque
[LOG 15:06:50]: Rename Vessel
[LOG 15:06:50]: Control From Here
[LOG 15:06:50]: Reaction Wheels: Idle
[LOG 15:06:50]: Normal
[LOG 15:06:50]: Reaction Wheels
[LOG 15:06:50]: State: Operational
[LOG 15:06:50]: Mk1 Command Pod
[LOG 15:06:53]: SAS Only
[LOG 15:06:53]: Pilot Only
[LOG 15:06:58]: Abbrechen
[LOG 15:06:58]: Accept
[LOG 15:06:58]: Debris
[LOG 15:06:58]: SpaceObj
[LOG 15:06:58]: Base
[LOG 15:06:58]: Rover
[LOG 15:06:58]: Probe
[LOG 15:06:58]: Station
[LOG 15:06:58]: Lander
[LOG 15:06:58]: Ship
[LOG 15:06:58]: Vessel Type:\n
[LOG 15:06:58]: Vessel Name:
[LOG 15:07:03]: Reaction Wheels: Disabled
[LOG 15:07:06]: Process in Lab Module\nNNN Data\nNNN Science\nNNY NND
[LOG 15:07:06]: +000%
[LOG 15:07:06]: Transmit Data\n(0% Science Value)
[LOG 15:07:06]: 0%
[LOG 15:07:06]: Keep Experiment
[LOG 15:07:06]: Discard Data
[LOG 15:07:06]: Reset Experiment
[LOG 15:07:06]: Transmit: +0.0 Science
[LOG 15:07:06]: Recovery: +0.0 Science
[LOG 15:07:06]: <color=orange>Inoperable after Transmitting.</color>
[LOG 15:07:06]: Data Size: 5 Mits
[LOG 15:07:06]: You record the crew's assessment of the situation.
[LOG 15:07:06]: [1/1] Crew Report from LaunchPad
[LOG 15:07:10]: Transfer
[LOG 15:07:10]: Module Crew: 1/1
[LOG 15:07:10]: Empty
[LOG 15:07:10]: Mk1 Command Pod Crew:
[LOG 15:07:15]: No Target
[LOG 15:07:20]: Settings
[LOG 15:07:20]: Revert Flight
[LOG 15:07:20]: Space Center
[LOG 15:07:20]: Resume Flight
[LOG 15:07:20]: Game Paused
[LOG 15:07:20]: No Function
[LOG 15:07:21]: Difficulty Options: <b><color=#b4d455>Normal</color></b>
[LOG 15:07:21]: Audio Volume
[LOG 15:07:21]: Master: 
[LOG 15:07:21]: Spacecraft: 
[LOG 15:07:21]: Ambience: 
[LOG 15:07:21]: UI: 
[LOG 15:07:21]: Music: 
[LOG 15:07:21]: Voices: 
[LOG 15:07:21]: Video & Graphics
[LOG 15:07:21]: Anti-Aliasing:
[LOG 15:07:21]: Texture Quality:
[LOG 15:07:21]: Pixel Light Count:
[LOG 15:07:21]: Shadow Cascades:
[LOG 15:07:21]: Aerodynamic FX Quality:
[LOG 15:07:21]: Edge Highlighting (PPFX):
[LOG 15:07:21]: Gameplay
[LOG 15:07:21]: UI
[LOG 15:07:21]: FlightUI Elements
[LOG 15:07:21]: Reset FlightUI Scaling
[LOG 15:07:21]: Reset NavBall Position
[LOG 15:07:21]: Apply
[LOG 15:07:21]: Close
[LOG 15:07:21]: NavBall Pos (Left<->Right):
[LOG 15:07:21]: NavBall Scale: 100%
[LOG 15:07:21]: Crew Portaits Scale: 100%
[LOG 15:07:21]: Mode Control Scale: 100%
[LOG 15:07:21]: Staging Stack Scale: 100%
[LOG 15:07:21]: Apps Scale: 100%
[LOG 15:07:21]: Map Filter Scale: 100%
[LOG 15:07:21]: Altimeter Scale: 100%
[LOG 15:07:21]: Time Controls Scale: 100%
[LOG 15:07:21]: <color=#FDD901FF><b>Warning:</b> Restarting KSP is required to apply all the effects of this setting.</color>
[LOG 15:07:21]: UI Scale: 100%
[LOG 15:07:21]: Camera Wobble (Internal Views): 1.0
[LOG 15:07:21]: Camera Wobble (External Views): 1.0
[LOG 15:07:21]: Enabled
[LOG 15:07:21]: Double Click Mouse Look:
[LOG 15:07:21]: Thermal Highlights:
[LOG 15:07:21]: Temperature Gauges:
[LOG 15:07:21]:   Normal
[LOG 15:07:21]: 4
[LOG 15:07:21]: 8
[LOG 15:07:21]:   Half Res  
[LOG 15:07:21]:   2x  
[LOG 15:07:21]: 50%\n