//==========================================================================//
//=====  LanguagePatches - Translate the game into multiple languages  =====//
//==========================================================================//
[LOG 14:54:34]: Logger "SETTINGS" was created
[LOG 14:54:35]: 0.04
[LOG 14:54:35]: Max Physics Delta-Time per Frame
[LOG 14:54:35]: Tidy up debris cluttering KSC
[LOG 14:54:35]: 250
[LOG 14:54:35]: Max Persistent Debris
[LOG 14:54:35]: Show Version Number in Game
[LOG 14:54:35]: Don't Show Game Launcher
[LOG 14:54:35]: Simulate In Background
[LOG 14:54:35]: Show Stats Tracking Dialog on Startup
[LOG 14:54:35]: System
[LOG 14:54:35]: 1.0
[LOG 14:54:35]: Camera Wobble Internal
[LOG 14:54:35]: Camera Wobble External
[LOG 14:54:35]: 100%
[LOG 14:54:35]: UI Scale
[LOG 14:54:35]: Retain Control Point on enter IVA
[LOG 14:54:35]: EVAs Auto-Rotate to Camera
[LOG 14:54:35]: Double Click Mouse Look
[LOG 14:54:35]: Thermal Highlights
[LOG 14:54:35]: Temperature Gauges
[LOG 14:54:35]: Contract Deadlines as Dates
[LOG 14:54:35]: Display Kerbin Time (6h days, 426d years)
[LOG 14:54:35]: Show Space Center Crew
[LOG 14:54:35]: Show Vessel Labels
[LOG 14:54:35]: Gameplay
[LOG 14:54:35]: 6-DOF
[LOG 14:54:35]: TrackIR
[LOG 14:54:35]: Mouse
[LOG 14:54:35]: Controllers
[LOG 14:54:35]: Game
[LOG 14:54:35]: Kerbals
[LOG 14:54:35]: Vessel
[LOG 14:54:35]: Flight
[LOG 14:54:35]: Input
[LOG 14:54:35]: Audio
[LOG 14:54:35]: Graphics
[LOG 14:54:35]: General
[LOG 14:54:35]: Cancel
[LOG 14:54:35]: Revert
[LOG 14:54:35]: Apply
[LOG 14:54:35]: Accept
[LOG 14:54:35]: Settings
[LOG 14:54:35]: New Text
[LOG 14:54:35]: Key Title
[LOG 14:54:35]: Edge Highlighting (PPFX):
[LOG 14:54:35]: Dead Zone
[LOG 14:54:35]: Invert
[LOG 14:54:35]: Pri
[LOG 14:54:35]: Sensitivity
[LOG 14:54:35]: <
[LOG 14:54:35]: Clear Assignment
[LOG 14:54:35]: Axis Name
[LOG 14:54:35]: >
[LOG 14:54:35]: 0.0
[LOG 14:54:35]: Primary
[LOG 14:54:35]: Sec
[LOG 14:54:35]: Axis Title
[LOG 14:54:35]: Secondary\n
[LOG 14:54:36]: Orbit Line Fade Reversed
[LOG 14:54:36]: 100 %
[LOG 14:54:36]: Orbit Line Fade Strength
[LOG 14:54:36]: Underwater FX
[LOG 14:54:36]: Surface FX
[LOG 14:54:36]: Edge Highlighting (PPFX)
[LOG 14:54:36]: Normal
[LOG 14:54:36]: Aerodynamic FX Quality
[LOG 14:54:36]: Half Res
[LOG 14:54:36]: Texture Quality
[LOG 14:54:36]: Fantastic
[LOG 14:54:36]: Render Quality
[LOG 14:54:36]: Rendering
[LOG 14:54:36]: 4
[LOG 14:54:36]: Shadow Cascades
[LOG 14:54:36]: 8
[LOG 14:54:36]: Pixel Light Count
[LOG 14:54:36]: 120 FPS
[LOG 14:54:36]: Frame Limit
[LOG 14:54:36]: Every V-Blank
[LOG 14:54:36]: V-Sync
[LOG 14:54:36]: 2x
[LOG 14:54:36]: Anti-Aliasing
[LOG 14:54:36]: Full Screen
[LOG 14:54:36]: 1600 x 1024
[LOG 14:54:36]: Screen Resolution
[LOG 14:54:36]: Video
[LOG 14:54:36]: 50%
[LOG 14:54:36]: Scatter Density
[LOG 14:54:36]: Terrain Scatters
[LOG 14:54:36]: Default
[LOG 14:54:36]: Terrain Detail
[LOG 14:54:36]: Scenery
[LOG 14:54:37]: 16
[LOG 14:54:37]: Responsiveness
[LOG 14:54:37]: Threshold
[LOG 14:54:37]: Enabled
[LOG 14:54:37]: Sound Normalizer
[LOG 14:54:37]: Voices
[LOG 14:54:37]: 0%
[LOG 14:54:37]: Music
[LOG 14:54:37]: UI
[LOG 14:54:37]: Ambience
[LOG 14:54:37]: Spacecraft
[LOG 14:54:37]: Master
[LOG 14:54:37]: Volume
[LOG 14:54:39]: 0.05
[LOG 14:54:39]: 1.00\n
[LOG 14:54:39]: Throttle (Incremental)\n
[LOG 14:54:39]: Throttle Axis
[LOG 14:54:39]: Throttle\n
[LOG 14:54:39]: Translate Forward/Back\n
[LOG 14:54:39]: Translate Up/Down\n
[LOG 14:54:39]: Translate Left/Right
[LOG 14:54:39]: Translation\n
[LOG 14:54:39]: Yaw Axis\n
[LOG 14:54:39]: Roll Axis\n
[LOG 14:54:39]: Pitch Axis
[LOG 14:54:39]: Rotation
[LOG 14:54:39]: None
[LOG 14:54:39]: Space
[LOG 14:54:39]: Switch Translation/Rotation
[LOG 14:54:39]: Launch/Staging
[LOG 14:54:39]: Other
[LOG 14:54:39]: LeftControl
[LOG 14:54:39]: Throttle Down
[LOG 14:54:39]: LeftShift
[LOG 14:54:39]: Throttle Up
[LOG 14:54:39]: N
[LOG 14:54:39]: Translate Backward
[LOG 14:54:39]: H
[LOG 14:54:39]: Translate Forward
[LOG 14:54:39]: D
[LOG 14:54:39]: L
[LOG 14:54:39]: Translate Right
[LOG 14:54:39]: A
[LOG 14:54:39]: J
[LOG 14:54:39]: Translate Left
[LOG 14:54:39]: W
[LOG 14:54:39]: I
[LOG 14:54:39]: Translate Down
[LOG 14:54:39]: S
[LOG 14:54:39]: K
[LOG 14:54:39]: Translate Up
[LOG 14:54:39]: E
[LOG 14:54:39]: Roll Right
[LOG 14:54:39]: Q
[LOG 14:54:39]: Roll Left
[LOG 14:54:39]: Yaw Right
[LOG 14:54:39]: Yaw Left
[LOG 14:54:39]: Pitch Up
[LOG 14:54:39]: Pitch Down\n\n
[LOG 14:54:41]: Steering Axis
[LOG 14:54:41]: Wheels
[LOG 14:54:41]: Drive Back
[LOG 14:54:41]: Drive Forward
[LOG 14:54:41]: Steer Right
[LOG 14:54:41]: Steer Left
[LOG 14:54:41]: Alpha0
[LOG 14:54:41]: Custom Action 10
[LOG 14:54:41]: Alpha9
[LOG 14:54:41]: Custom Action 9
[LOG 14:54:41]: Alpha8
[LOG 14:54:41]: Custom Action 8
[LOG 14:54:41]: Alpha7
[LOG 14:54:41]: Custom Action 7
[LOG 14:54:41]: Alpha6
[LOG 14:54:41]: Custom Action 6
[LOG 14:54:41]: Alpha5
[LOG 14:54:41]: Custom Action 5
[LOG 14:54:41]: Alpha4
[LOG 14:54:41]: Custom Action 4
[LOG 14:54:41]: Alpha3
[LOG 14:54:41]: Custom Action 3
[LOG 14:54:41]: Alpha2
[LOG 14:54:41]: Custom Action 2
[LOG 14:54:41]: Alpha1
[LOG 14:54:41]: Custom Action 1
[LOG 14:54:41]: Actions
[LOG 14:54:41]: Backspace
[LOG 14:54:41]: Emergency Abort
[LOG 14:54:41]: U
[LOG 14:54:41]: Lights
[LOG 14:54:41]: CapsLock
[LOG 14:54:41]: Precision Controls Toggle
[LOG 14:54:41]: Z
[LOG 14:54:41]: Full Throttle
[LOG 14:54:41]: X
[LOG 14:54:41]: Throttle Cut-off
[LOG 14:54:41]: R
[LOG 14:54:41]: RCS Toggle
[LOG 14:54:41]: T
[LOG 14:54:41]: SAS Toggle
[LOG 14:54:41]: F
[LOG 14:54:41]: SAS Hold
[LOG 14:54:41]: B
[LOG 14:54:41]: Brakes
[LOG 14:54:41]: G
[LOG 14:54:41]: Landing Gear
[LOG 14:54:41]: Systems\n
[LOG 14:54:42]: Roll\n
[LOG 14:54:42]: Yaw\n
[LOG 14:54:42]: Pitch\n\n\n
[LOG 14:54:42]: Character
[LOG 14:54:42]: Move Down
[LOG 14:54:42]: Move Up
[LOG 14:54:42]: Move Right
[LOG 14:54:42]: Move Left
[LOG 14:54:42]: Move Back
[LOG 14:54:42]: Move Forward
[LOG 14:54:42]: Toggle EVA Pack
[LOG 14:54:42]: EVA
[LOG 14:54:42]: Toggle Lights
[LOG 14:54:42]: Orient to View
[LOG 14:54:42]: LeftAlt
[LOG 14:54:42]: Toggle Movement Mode
[LOG 14:54:42]: Board
[LOG 14:54:42]: Use/Grab
[LOG 14:54:42]: Run
[LOG 14:54:42]: Jump
[LOG 14:54:42]: Turn Right
[LOG 14:54:42]: Turn Left
[LOG 14:54:42]: Character Controls\n
[LOG 14:54:44]: Camera Vertical\n
[LOG 14:54:44]: Camera Horizontal
[LOG 14:54:44]: Camera
[LOG 14:54:44]: KeypadPeriod
[LOG 14:54:44]: Show/Hide Navball
[LOG 14:54:44]: F11
[LOG 14:54:44]: Show/Hide Temp Overlay
[LOG 14:54:44]: F10
[LOG 14:54:44]: Show/Hide Temp. Gauges
[LOG 14:54:44]: F12
[LOG 14:54:44]: Show/Hide Flight Forces
[LOG 14:54:44]: F3
[LOG 14:54:44]: Show/Hide Flight Log
[LOG 14:54:44]: F4
[LOG 14:54:44]: Show/Hide Vessel Labels
[LOG 14:54:44]: End
[LOG 14:54:44]: Scroll Icons Down
[LOG 14:54:44]: Home
[LOG 14:54:44]: Scroll Icons Up
[LOG 14:54:44]: F2
[LOG 14:54:44]: Show/Hide Flight UI
[LOG 14:54:44]: BackQuote
[LOG 14:54:44]: Search All Parts
[LOG 14:54:44]: Cycle Symmetry Mode
[LOG 14:54:44]: Toggle Symmetry
[LOG 14:54:44]: C
[LOG 14:54:44]: Toggle Angle Snap
[LOG 14:54:44]: Toggle Local/Absolute
[LOG 14:54:44]: Root Mode
[LOG 14:54:44]: Rotate Mode
[LOG 14:54:44]: Offset Mode
[LOG 14:54:44]: Place Mode
[LOG 14:54:44]: Reset Part Rotation
[LOG 14:54:44]: Roll Part Right
[LOG 14:54:44]: Roll Part Left
[LOG 14:54:44]: Yaw Part Right
[LOG 14:54:44]: Yaw Part Left
[LOG 14:54:44]: Part Pitch Up
[LOG 14:54:44]: Part Pitch Down
[LOG 14:54:44]: PageDown
[LOG 14:54:44]: Scroll View Down
[LOG 14:54:44]: PageUp
[LOG 14:54:44]: Scroll View Up
[LOG 14:54:44]: Editor
[LOG 14:54:44]: RightArrow
[LOG 14:54:44]: View Right
[LOG 14:54:44]: LeftArrow
[LOG 14:54:44]: View Left
[LOG 14:54:44]: DownArrow
[LOG 14:54:44]: View Down
[LOG 14:54:44]: UpArrow
[LOG 14:54:44]: View Up
[LOG 14:54:44]: KeypadMinus
[LOG 14:54:44]: Zoom Out
[LOG 14:54:44]: KeypadPlus
[LOG 14:54:44]: Zoom In
[LOG 14:54:44]: Camera Reset
[LOG 14:54:44]: V
[LOG 14:54:44]: Camera Next
[LOG 14:54:44]: Camera Mode
[LOG 14:54:44]: F9
[LOG 14:54:44]: Quickload
[LOG 14:54:44]: F5
[LOG 14:54:44]: Quicksave
[LOG 14:54:44]: Escape
[LOG 14:54:44]: Pause
[LOG 14:54:44]: F1
[LOG 14:54:44]: Take Screenshot
[LOG 14:54:44]: LeftBracket
[LOG 14:54:44]: Focus Prev Vessel
[LOG 14:54:44]: RightBracket
[LOG 14:54:44]: Focus Next Vessel
[LOG 14:54:44]: Slash
[LOG 14:54:44]: Stop Time Warp
[LOG 14:54:44]: Comma
[LOG 14:54:44]: Decrease Time Warp
[LOG 14:54:44]: Period
[LOG 14:54:44]: Increase Time Warp
[LOG 14:54:44]: M
[LOG 14:54:44]: Orbital Map View
[LOG 14:54:46]: Mouse Wheel Sensitivity
[LOG 14:54:49]: Editors
[LOG 14:54:49]: Tracking Station
[LOG 14:54:49]: Space Center
[LOG 14:54:49]: Flight Map View
[LOG 14:54:49]: Flight EVA
[LOG 14:54:49]: Flight Internal
[LOG 14:54:49]: Flight External
[LOG 14:54:49]: Track IR Enabled
[LOG 14:54:49]: Track IR
[LOG 14:54:50]: 1
[LOG 14:54:50]: XYZ Translation
[LOG 14:54:50]: 5
[LOG 14:54:50]: Pitch, Yaw and Roll
[LOG 14:54:50]: 6-DOF Flight Control
[LOG 14:54:50]: Sharpness
[LOG 14:54:50]: 20
[LOG 14:54:50]: 10
[LOG 14:54:50]: 30
[LOG 14:54:50]: 6-DOF Camera Control
[LOG 14:54:50]: Lock/Unlock Roll Axis
[LOG 14:54:50]: ScrollLock
[LOG 14:54:50]: Toggle Camera/Flight Control
[LOG 14:54:50]: A 6-DOF input device is a hardware controller that allows manipulating objects and views in 3D applications.  Currently, this is only supported on the Windows version of KSP.
[LOG 14:54:50]: 6-DOF Device\n